01-Mar-2023 13:39:27.057 INFO [main] org.apache.catalina.core.ApplicationContext.log ContextListener: contextInitialized()
01-Mar-2023 13:39:27.057 INFO [main] org.apache.catalina.core.ApplicationContext.log SessionListener: contextInitialized()
01-Mar-2023 13:39:27.059 INFO [main] org.apache.catalina.core.ApplicationContext.log ContextListener: attributeAdded('StockTicker', 'async.Stockticker@1e1d3956')
01-Mar-2023 14:06:33.552 INFO [Thread-1] org.apache.catalina.core.ApplicationContext.log SessionListener: contextDestroyed()
01-Mar-2023 14:06:33.552 INFO [Thread-1] org.apache.catalina.core.ApplicationContext.log ContextListener: contextDestroyed()
01-Mar-2023 14:07:22.490 INFO [main] org.apache.catalina.core.ApplicationContext.log ContextListener: contextInitialized()
01-Mar-2023 14:07:22.490 INFO [main] org.apache.catalina.core.ApplicationContext.log SessionListener: contextInitialized()
01-Mar-2023 14:07:22.492 INFO [main] org.apache.catalina.core.ApplicationContext.log ContextListener: attributeAdded('StockTicker', 'async.Stockticker@2453f95d')
01-Mar-2023 14:09:38.145 INFO [Thread-1] org.apache.catalina.core.ApplicationContext.log SessionListener: contextDestroyed()
01-Mar-2023 14:09:38.146 INFO [Thread-1] org.apache.catalina.core.ApplicationContext.log ContextListener: contextDestroyed()
01-Mar-2023 14:15:57.077 INFO [main] org.apache.catalina.core.ApplicationContext.log ContextListener: contextInitialized()
01-Mar-2023 14:15:57.077 INFO [main] org.apache.catalina.core.ApplicationContext.log SessionListener: contextInitialized()
01-Mar-2023 14:15:57.078 INFO [main] org.apache.catalina.core.ApplicationContext.log ContextListener: attributeAdded('StockTicker', 'async.Stockticker@47404bea')
01-Mar-2023 18:37:26.469 INFO [Thread-1] org.apache.catalina.core.ApplicationContext.log SessionListener: contextDestroyed()
01-Mar-2023 18:37:26.469 INFO [Thread-1] org.apache.catalina.core.ApplicationContext.log ContextListener: contextDestroyed()
01-Mar-2023 18:40:38.491 INFO [main] org.apache.catalina.core.ApplicationContext.log ContextListener: contextInitialized()
01-Mar-2023 18:40:38.491 INFO [main] org.apache.catalina.core.ApplicationContext.log SessionListener: contextInitialized()
01-Mar-2023 18:40:38.491 INFO [main] org.apache.catalina.core.ApplicationContext.log ContextListener: attributeAdded('StockTicker', 'async.Stockticker@305f7627')
01-Mar-2023 18:53:20.429 INFO [Thread-1] org.apache.catalina.core.ApplicationContext.log SessionListener: contextDestroyed()
01-Mar-2023 18:53:20.429 INFO [Thread-1] org.apache.catalina.core.ApplicationContext.log ContextListener: contextDestroyed()
01-Mar-2023 18:53:36.236 INFO [main] org.apache.catalina.core.ApplicationContext.log ContextListener: contextInitialized()
01-Mar-2023 18:53:36.236 INFO [main] org.apache.catalina.core.ApplicationContext.log SessionListener: contextInitialized()
01-Mar-2023 18:53:36.236 INFO [main] org.apache.catalina.core.ApplicationContext.log ContextListener: attributeAdded('StockTicker', 'async.Stockticker@20b5f2ac')
01-Mar-2023 18:59:15.886 INFO [Thread-1] org.apache.catalina.core.ApplicationContext.log SessionListener: contextDestroyed()
01-Mar-2023 18:59:15.886 INFO [Thread-1] org.apache.catalina.core.ApplicationContext.log ContextListener: contextDestroyed()
01-Mar-2023 18:59:45.205 INFO [main] org.apache.catalina.core.ApplicationContext.log ContextListener: contextInitialized()
01-Mar-2023 18:59:45.205 INFO [main] org.apache.catalina.core.ApplicationContext.log SessionListener: contextInitialized()
01-Mar-2023 18:59:45.205 INFO [main] org.apache.catalina.core.ApplicationContext.log ContextListener: attributeAdded('StockTicker', 'async.Stockticker@29e6eb25')
01-Mar-2023 19:04:21.605 INFO [Thread-1] org.apache.catalina.core.ApplicationContext.log SessionListener: contextDestroyed()
01-Mar-2023 19:04:21.605 INFO [Thread-1] org.apache.catalina.core.ApplicationContext.log ContextListener: contextDestroyed()
01-Mar-2023 19:07:24.451 INFO [main] org.apache.catalina.core.ApplicationContext.log ContextListener: contextInitialized()
01-Mar-2023 19:07:24.451 INFO [main] org.apache.catalina.core.ApplicationContext.log SessionListener: contextInitialized()
01-Mar-2023 19:07:24.454 INFO [main] org.apache.catalina.core.ApplicationContext.log ContextListener: attributeAdded('StockTicker', 'async.Stockticker@5d018107')
01-Mar-2023 19:07:57.894 INFO [Thread-1] org.apache.catalina.core.ApplicationContext.log SessionListener: contextDestroyed()
01-Mar-2023 19:07:57.894 INFO [Thread-1] org.apache.catalina.core.ApplicationContext.log ContextListener: contextDestroyed()
01-Mar-2023 19:08:55.698 INFO [main] org.apache.catalina.core.ApplicationContext.log ContextListener: contextInitialized()
01-Mar-2023 19:08:55.698 INFO [main] org.apache.catalina.core.ApplicationContext.log SessionListener: contextInitialized()
01-Mar-2023 19:08:55.698 INFO [main] org.apache.catalina.core.ApplicationContext.log ContextListener: attributeAdded('StockTicker', 'async.Stockticker@56ace400')
01-Mar-2023 19:09:36.096 INFO [Thread-1] org.apache.catalina.core.ApplicationContext.log SessionListener: contextDestroyed()
01-Mar-2023 19:09:36.096 INFO [Thread-1] org.apache.catalina.core.ApplicationContext.log ContextListener: contextDestroyed()
01-Mar-2023 19:16:57.991 INFO [main] org.apache.catalina.core.ApplicationContext.log ContextListener: contextInitialized()
01-Mar-2023 19:16:57.991 INFO [main] org.apache.catalina.core.ApplicationContext.log SessionListener: contextInitialized()
01-Mar-2023 19:16:58.007 INFO [main] org.apache.catalina.core.ApplicationContext.log ContextListener: attributeAdded('StockTicker', 'async.Stockticker@5d018107')
01-Mar-2023 19:19:01.678 INFO [main] org.apache.catalina.core.ApplicationContext.log ContextListener: contextInitialized()
01-Mar-2023 19:19:01.678 INFO [main] org.apache.catalina.core.ApplicationContext.log SessionListener: contextInitialized()
01-Mar-2023 19:19:01.679 INFO [main] org.apache.catalina.core.ApplicationContext.log ContextListener: attributeAdded('StockTicker', 'async.Stockticker@1e1d3956')
01-Mar-2023 19:19:03.234 INFO [main] org.apache.catalina.core.ApplicationContext.log SessionListener: contextDestroyed()
01-Mar-2023 19:19:03.234 INFO [main] org.apache.catalina.core.ApplicationContext.log ContextListener: contextDestroyed()
01-Mar-2023 20:26:34.644 INFO [Thread-1] org.apache.catalina.core.ApplicationContext.log SessionListener: contextDestroyed()
01-Mar-2023 20:26:34.644 INFO [Thread-1] org.apache.catalina.core.ApplicationContext.log ContextListener: contextDestroyed()
