02-Mar-2023 15:19:42.182 INFO [main] org.apache.catalina.core.ApplicationContext.log ContextListener: contextInitialized()
02-Mar-2023 15:19:42.182 INFO [main] org.apache.catalina.core.ApplicationContext.log SessionListener: contextInitialized()
02-Mar-2023 15:19:42.182 INFO [main] org.apache.catalina.core.ApplicationContext.log ContextListener: attributeAdded('StockTicker', 'async.Stockticker@3e34ace1')
02-Mar-2023 17:00:46.832 INFO [Thread-1] org.apache.catalina.core.ApplicationContext.log SessionListener: contextDestroyed()
02-Mar-2023 17:00:46.832 INFO [Thread-1] org.apache.catalina.core.ApplicationContext.log ContextListener: contextDestroyed()
02-Mar-2023 17:03:33.376 INFO [main] org.apache.catalina.core.ApplicationContext.log ContextListener: contextInitialized()
02-Mar-2023 17:03:33.376 INFO [main] org.apache.catalina.core.ApplicationContext.log SessionListener: contextInitialized()
02-Mar-2023 17:03:33.376 INFO [main] org.apache.catalina.core.ApplicationContext.log ContextListener: attributeAdded('StockTicker', 'async.Stockticker@24d4d7c9')
02-Mar-2023 17:14:32.277 INFO [Thread-1] org.apache.catalina.core.ApplicationContext.log SessionListener: contextDestroyed()
02-Mar-2023 17:14:32.277 INFO [Thread-1] org.apache.catalina.core.ApplicationContext.log ContextListener: contextDestroyed()
02-Mar-2023 17:14:40.513 INFO [main] org.apache.catalina.core.ApplicationContext.log ContextListener: contextInitialized()
02-Mar-2023 17:14:40.513 INFO [main] org.apache.catalina.core.ApplicationContext.log SessionListener: contextInitialized()
02-Mar-2023 17:14:40.521 INFO [main] org.apache.catalina.core.ApplicationContext.log ContextListener: attributeAdded('StockTicker', 'async.Stockticker@4de41af9')
02-Mar-2023 17:17:31.401 INFO [Thread-1] org.apache.catalina.core.ApplicationContext.log SessionListener: contextDestroyed()
02-Mar-2023 17:17:31.401 INFO [Thread-1] org.apache.catalina.core.ApplicationContext.log ContextListener: contextDestroyed()
02-Mar-2023 17:17:43.298 INFO [main] org.apache.catalina.core.ApplicationContext.log ContextListener: contextInitialized()
02-Mar-2023 17:17:43.298 INFO [main] org.apache.catalina.core.ApplicationContext.log SessionListener: contextInitialized()
02-Mar-2023 17:17:43.298 INFO [main] org.apache.catalina.core.ApplicationContext.log ContextListener: attributeAdded('StockTicker', 'async.Stockticker@56276db8')
02-Mar-2023 22:15:41.522 INFO [Thread-1] org.apache.catalina.core.ApplicationContext.log SessionListener: contextDestroyed()
02-Mar-2023 22:15:41.522 INFO [Thread-1] org.apache.catalina.core.ApplicationContext.log ContextListener: contextDestroyed()
